<?xml version="1.0" encoding="UTF-8"?>
<testsuite xmlns:xsi="http://www.w3.org/2001/XMLSchema-instance" xsi:noNamespaceSchemaLocation="https://maven.apache.org/surefire/maven-surefire-plugin/xsd/surefire-test-report.xsd" name="com.cjcalmeida.spring.data.jdbc.externalize.query.DemoApplicationTests" time="3.873" tests="1" errors="0" skipped="0" failures="0">
  <properties>
    <property name="sun.desktop" value="windows"/>
    <property name="awt.toolkit" value="sun.awt.windows.WToolkit"/>
    <property name="file.encoding.pkg" value="sun.io"/>
    <property name="java.specification.version" value="1.8"/>
    <property name="sun.cpu.isalist" value="amd64"/>
    <property name="sun.jnu.encoding" value="Cp1252"/>
    <property name="java.class.path" value="D:\Desenvolvimento\workspace_intelij\spring-boot-data-jdbc-externalize-query\spring-data-jdbc-externalized-query-sample\target\test-classes;D:\Desenvolvimento\workspace_intelij\spring-boot-data-jdbc-externalize-query\spring-data-jdbc-externalized-query-sample\target\classes;D:\Desenvolvimento\maven\repositorio\org\springframework\boot\spring-boot-starter\2.1.3.RELEASE\spring-boot-starter-2.1.3.RELEASE.jar;D:\Desenvolvimento\maven\repositorio\org\springframework\boot\spring-boot\2.1.3.RELEASE\spring-boot-2.1.3.RELEASE.jar;D:\Desenvolvimento\maven\repositorio\org\springframework\spring-context\5.1.5.RELEASE\spring-context-5.1.5.RELEASE.jar;D:\Desenvolvimento\maven\repositorio\org\springframework\spring-aop\5.1.5.RELEASE\spring-aop-5.1.5.RELEASE.jar;D:\Desenvolvimento\maven\repositorio\org\springframework\spring-expression\5.1.5.RELEASE\spring-expression-5.1.5.RELEASE.jar;D:\Desenvolvimento\maven\repositorio\org\springframework\boot\spring-boot-autoconfigure\2.1.3.RELEASE\spring-boot-autoconfigure-2.1.3.RELEASE.jar;D:\Desenvolvimento\maven\repositorio\org\springframework\boot\spring-boot-starter-logging\2.1.3.RELEASE\spring-boot-starter-logging-2.1.3.RELEASE.jar;D:\Desenvolvimento\maven\repositorio\ch\qos\logback\logback-classic\1.2.3\logback-classic-1.2.3.jar;D:\Desenvolvimento\maven\repositorio\ch\qos\logback\logback-core\1.2.3\logback-core-1.2.3.jar;D:\Desenvolvimento\maven\repositorio\org\apache\logging\log4j\log4j-to-slf4j\2.11.2\log4j-to-slf4j-2.11.2.jar;D:\Desenvolvimento\maven\repositorio\org\apache\logging\log4j\log4j-api\2.11.2\log4j-api-2.11.2.jar;D:\Desenvolvimento\maven\repositorio\org\slf4j\jul-to-slf4j\1.7.25\jul-to-slf4j-1.7.25.jar;D:\Desenvolvimento\maven\repositorio\javax\annotation\javax.annotation-api\1.3.2\javax.annotation-api-1.3.2.jar;D:\Desenvolvimento\maven\repositorio\org\springframework\spring-core\5.1.5.RELEASE\spring-core-5.1.5.RELEASE.jar;D:\Desenvolvimento\maven\repositorio\org\springframework\spring-jcl\5.1.5.RELEASE\spring-jcl-5.1.5.RELEASE.jar;D:\Desenvolvimento\maven\repositorio\org\yaml\snakeyaml\1.23\snakeyaml-1.23.jar;D:\Desenvolvimento\maven\repositorio\com\cjcalmeida\spring\spring-boot-data-jdbc-externalize-query\1.0.0\spring-boot-data-jdbc-externalize-query-1.0.0.jar;D:\Desenvolvimento\maven\repositorio\org\springframework\data\spring-data-jdbc\1.0.5.RELEASE\spring-data-jdbc-1.0.5.RELEASE.jar;D:\Desenvolvimento\maven\repositorio\org\springframework\data\spring-data-commons\2.1.5.RELEASE\spring-data-commons-2.1.5.RELEASE.jar;D:\Desenvolvimento\maven\repositorio\org\springframework\spring-tx\5.1.5.RELEASE\spring-tx-5.1.5.RELEASE.jar;D:\Desenvolvimento\maven\repositorio\org\springframework\spring-beans\5.1.5.RELEASE\spring-beans-5.1.5.RELEASE.jar;D:\Desenvolvimento\maven\repositorio\org\springframework\spring-jdbc\5.1.5.RELEASE\spring-jdbc-5.1.5.RELEASE.jar;D:\Desenvolvimento\maven\repositorio\org\slf4j\slf4j-api\1.7.25\slf4j-api-1.7.25.jar;D:\Desenvolvimento\maven\repositorio\com\h2database\h2\1.4.197\h2-1.4.197.jar;D:\Desenvolvimento\maven\repositorio\org\springframework\boot\spring-boot-starter-test\2.1.3.RELEASE\spring-boot-starter-test-2.1.3.RELEASE.jar;D:\Desenvolvimento\maven\repositorio\org\springframework\boot\spring-boot-test\2.1.3.RELEASE\spring-boot-test-2.1.3.RELEASE.jar;D:\Desenvolvimento\maven\repositorio\org\springframework\boot\spring-boot-test-autoconfigure\2.1.3.RELEASE\spring-boot-test-autoconfigure-2.1.3.RELEASE.jar;D:\Desenvolvimento\maven\repositorio\com\jayway\jsonpath\json-path\2.4.0\json-path-2.4.0.jar;D:\Desenvolvimento\maven\repositorio\net\minidev\json-smart\2.3\json-smart-2.3.jar;D:\Desenvolvimento\maven\repositorio\net\minidev\accessors-smart\1.2\accessors-smart-1.2.jar;D:\Desenvolvimento\maven\repositorio\org\ow2\asm\asm\5.0.4\asm-5.0.4.jar;D:\Desenvolvimento\maven\repositorio\junit\junit\4.12\junit-4.12.jar;D:\Desenvolvimento\maven\repositorio\org\assertj\assertj-core\3.11.1\assertj-core-3.11.1.jar;D:\Desenvolvimento\maven\repositorio\org\mockito\mockito-core\2.23.4\mockito-core-2.23.4.jar;D:\Desenvolvimento\maven\repositorio\net\bytebuddy\byte-buddy\1.9.10\byte-buddy-1.9.10.jar;D:\Desenvolvimento\maven\repositorio\net\bytebuddy\byte-buddy-agent\1.9.10\byte-buddy-agent-1.9.10.jar;D:\Desenvolvimento\maven\repositorio\org\objenesis\objenesis\2.6\objenesis-2.6.jar;D:\Desenvolvimento\maven\repositorio\org\hamcrest\hamcrest-core\1.3\hamcrest-core-1.3.jar;D:\Desenvolvimento\maven\repositorio\org\hamcrest\hamcrest-library\1.3\hamcrest-library-1.3.jar;D:\Desenvolvimento\maven\repositorio\org\skyscreamer\jsonassert\1.5.0\jsonassert-1.5.0.jar;D:\Desenvolvimento\maven\repositorio\com\vaadin\external\google\android-json\0.0.20131108.vaadin1\android-json-0.0.20131108.vaadin1.jar;D:\Desenvolvimento\maven\repositorio\org\springframework\spring-test\5.1.5.RELEASE\spring-test-5.1.5.RELEASE.jar;D:\Desenvolvimento\maven\repositorio\org\xmlunit\xmlunit-core\2.6.2\xmlunit-core-2.6.2.jar;"/>
    <property name="java.vm.vendor" value="Oracle Corporation"/>
    <property name="sun.arch.data.model" value="64"/>
    <property name="user.variant" value=""/>
    <property name="java.vendor.url" value="http://java.oracle.com/"/>
    <property name="user.timezone" value="America/Sao_Paulo"/>
    <property name="java.vm.specification.version" value="1.8"/>
    <property name="os.name" value="Windows 10"/>
    <property name="user.country" value="BR"/>
    <property name="sun.java.launcher" value="SUN_STANDARD"/>
    <property name="sun.boot.library.path" value="D:\Desenvolvimento\tools\jdk8\jre\bin"/>
    <property name="sun.java.command" value="C:\Users\crist\AppData\Local\Temp\surefire6746722181868247936\surefirebooter4255071999831012640.jar C:\Users\crist\AppData\Local\Temp\surefire6746722181868247936 2019-02-17T18-09-05_746-jvmRun1 surefire595456098577552692tmp surefire_05695319745256358475tmp"/>
    <property name="surefire.test.class.path" value="D:\Desenvolvimento\workspace_intelij\spring-boot-data-jdbc-externalize-query\spring-data-jdbc-externalized-query-sample\target\test-classes;D:\Desenvolvimento\workspace_intelij\spring-boot-data-jdbc-externalize-query\spring-data-jdbc-externalized-query-sample\target\classes;D:\Desenvolvimento\maven\repositorio\org\springframework\boot\spring-boot-starter\2.1.3.RELEASE\spring-boot-starter-2.1.3.RELEASE.jar;D:\Desenvolvimento\maven\repositorio\org\springframework\boot\spring-boot\2.1.3.RELEASE\spring-boot-2.1.3.RELEASE.jar;D:\Desenvolvimento\maven\repositorio\org\springframework\spring-context\5.1.5.RELEASE\spring-context-5.1.5.RELEASE.jar;D:\Desenvolvimento\maven\repositorio\org\springframework\spring-aop\5.1.5.RELEASE\spring-aop-5.1.5.RELEASE.jar;D:\Desenvolvimento\maven\repositorio\org\springframework\spring-expression\5.1.5.RELEASE\spring-expression-5.1.5.RELEASE.jar;D:\Desenvolvimento\maven\repositorio\org\springframework\boot\spring-boot-autoconfigure\2.1.3.RELEASE\spring-boot-autoconfigure-2.1.3.RELEASE.jar;D:\Desenvolvimento\maven\repositorio\org\springframework\boot\spring-boot-starter-logging\2.1.3.RELEASE\spring-boot-starter-logging-2.1.3.RELEASE.jar;D:\Desenvolvimento\maven\repositorio\ch\qos\logback\logback-classic\1.2.3\logback-classic-1.2.3.jar;D:\Desenvolvimento\maven\repositorio\ch\qos\logback\logback-core\1.2.3\logback-core-1.2.3.jar;D:\Desenvolvimento\maven\repositorio\org\apache\logging\log4j\log4j-to-slf4j\2.11.2\log4j-to-slf4j-2.11.2.jar;D:\Desenvolvimento\maven\repositorio\org\apache\logging\log4j\log4j-api\2.11.2\log4j-api-2.11.2.jar;D:\Desenvolvimento\maven\repositorio\org\slf4j\jul-to-slf4j\1.7.25\jul-to-slf4j-1.7.25.jar;D:\Desenvolvimento\maven\repositorio\javax\annotation\javax.annotation-api\1.3.2\javax.annotation-api-1.3.2.jar;D:\Desenvolvimento\maven\repositorio\org\springframework\spring-core\5.1.5.RELEASE\spring-core-5.1.5.RELEASE.jar;D:\Desenvolvimento\maven\repositorio\org\springframework\spring-jcl\5.1.5.RELEASE\spring-jcl-5.1.5.RELEASE.jar;D:\Desenvolvimento\maven\repositorio\org\yaml\snakeyaml\1.23\snakeyaml-1.23.jar;D:\Desenvolvimento\maven\repositorio\com\cjcalmeida\spring\spring-boot-data-jdbc-externalize-query\1.0.0\spring-boot-data-jdbc-externalize-query-1.0.0.jar;D:\Desenvolvimento\maven\repositorio\org\springframework\data\spring-data-jdbc\1.0.5.RELEASE\spring-data-jdbc-1.0.5.RELEASE.jar;D:\Desenvolvimento\maven\repositorio\org\springframework\data\spring-data-commons\2.1.5.RELEASE\spring-data-commons-2.1.5.RELEASE.jar;D:\Desenvolvimento\maven\repositorio\org\springframework\spring-tx\5.1.5.RELEASE\spring-tx-5.1.5.RELEASE.jar;D:\Desenvolvimento\maven\repositorio\org\springframework\spring-beans\5.1.5.RELEASE\spring-beans-5.1.5.RELEASE.jar;D:\Desenvolvimento\maven\repositorio\org\springframework\spring-jdbc\5.1.5.RELEASE\spring-jdbc-5.1.5.RELEASE.jar;D:\Desenvolvimento\maven\repositorio\org\slf4j\slf4j-api\1.7.25\slf4j-api-1.7.25.jar;D:\Desenvolvimento\maven\repositorio\com\h2database\h2\1.4.197\h2-1.4.197.jar;D:\Desenvolvimento\maven\repositorio\org\springframework\boot\spring-boot-starter-test\2.1.3.RELEASE\spring-boot-starter-test-2.1.3.RELEASE.jar;D:\Desenvolvimento\maven\repositorio\org\springframework\boot\spring-boot-test\2.1.3.RELEASE\spring-boot-test-2.1.3.RELEASE.jar;D:\Desenvolvimento\maven\repositorio\org\springframework\boot\spring-boot-test-autoconfigure\2.1.3.RELEASE\spring-boot-test-autoconfigure-2.1.3.RELEASE.jar;D:\Desenvolvimento\maven\repositorio\com\jayway\jsonpath\json-path\2.4.0\json-path-2.4.0.jar;D:\Desenvolvimento\maven\repositorio\net\minidev\json-smart\2.3\json-smart-2.3.jar;D:\Desenvolvimento\maven\repositorio\net\minidev\accessors-smart\1.2\accessors-smart-1.2.jar;D:\Desenvolvimento\maven\repositorio\org\ow2\asm\asm\5.0.4\asm-5.0.4.jar;D:\Desenvolvimento\maven\repositorio\junit\junit\4.12\junit-4.12.jar;D:\Desenvolvimento\maven\repositorio\org\assertj\assertj-core\3.11.1\assertj-core-3.11.1.jar;D:\Desenvolvimento\maven\repositorio\org\mockito\mockito-core\2.23.4\mockito-core-2.23.4.jar;D:\Desenvolvimento\maven\repositorio\net\bytebuddy\byte-buddy\1.9.10\byte-buddy-1.9.10.jar;D:\Desenvolvimento\maven\repositorio\net\bytebuddy\byte-buddy-agent\1.9.10\byte-buddy-agent-1.9.10.jar;D:\Desenvolvimento\maven\repositorio\org\objenesis\objenesis\2.6\objenesis-2.6.jar;D:\Desenvolvimento\maven\repositorio\org\hamcrest\hamcrest-core\1.3\hamcrest-core-1.3.jar;D:\Desenvolvimento\maven\repositorio\org\hamcrest\hamcrest-library\1.3\hamcrest-library-1.3.jar;D:\Desenvolvimento\maven\repositorio\org\skyscreamer\jsonassert\1.5.0\jsonassert-1.5.0.jar;D:\Desenvolvimento\maven\repositorio\com\vaadin\external\google\android-json\0.0.20131108.vaadin1\android-json-0.0.20131108.vaadin1.jar;D:\Desenvolvimento\maven\repositorio\org\springframework\spring-test\5.1.5.RELEASE\spring-test-5.1.5.RELEASE.jar;D:\Desenvolvimento\maven\repositorio\org\xmlunit\xmlunit-core\2.6.2\xmlunit-core-2.6.2.jar;"/>
    <property name="sun.cpu.endian" value="little"/>
    <property name="user.home" value="C:\Users\crist"/>
    <property name="user.language" value="pt"/>
    <property name="java.specification.vendor" value="Oracle Corporation"/>
    <property name="java.home" value="D:\Desenvolvimento\tools\jdk8\jre"/>
    <property name="basedir" value="D:\Desenvolvimento\workspace_intelij\spring-boot-data-jdbc-externalize-query\spring-data-jdbc-externalized-query-sample"/>
    <property name="file.separator" value="\"/>
    <property name="line.separator" value="&#10;"/>
    <property name="java.vm.specification.vendor" value="Oracle Corporation"/>
    <property name="java.specification.name" value="Java Platform API Specification"/>
    <property name="java.awt.graphicsenv" value="sun.awt.Win32GraphicsEnvironment"/>
    <property name="surefire.real.class.path" value="C:\Users\crist\AppData\Local\Temp\surefire6746722181868247936\surefirebooter4255071999831012640.jar"/>
    <property name="sun.boot.class.path" value="D:\Desenvolvimento\tools\jdk8\jre\lib\resources.jar;D:\Desenvolvimento\tools\jdk8\jre\lib\rt.jar;D:\Desenvolvimento\tools\jdk8\jre\lib\sunrsasign.jar;D:\Desenvolvimento\tools\jdk8\jre\lib\jsse.jar;D:\Desenvolvimento\tools\jdk8\jre\lib\jce.jar;D:\Desenvolvimento\tools\jdk8\jre\lib\charsets.jar;D:\Desenvolvimento\tools\jdk8\jre\lib\jfr.jar;D:\Desenvolvimento\tools\jdk8\jre\classes"/>
    <property name="user.script" value=""/>
    <property name="sun.management.compiler" value="HotSpot 64-Bit Tiered Compilers"/>
    <property name="java.runtime.version" value="1.8.0_91-b15"/>
    <property name="user.name" value="crist"/>
    <property name="path.separator" value=";"/>
    <property name="os.version" value="10.0"/>
    <property name="java.endorsed.dirs" value="D:\Desenvolvimento\tools\jdk8\jre\lib\endorsed"/>
    <property name="java.runtime.name" value="Java(TM) SE Runtime Environment"/>
    <property name="file.encoding" value="Cp1252"/>
    <property name="java.vm.name" value="Java HotSpot(TM) 64-Bit Server VM"/>
    <property name="localRepository" value="D:\Desenvolvimento\maven\repositorio"/>
    <property name="java.vendor.url.bug" value="http://bugreport.sun.com/bugreport/"/>
    <property name="java.io.tmpdir" value="C:\Users\crist\AppData\Local\Temp\"/>
    <property name="java.version" value="1.8.0_91"/>
    <property name="user.dir" value="D:\Desenvolvimento\workspace_intelij\spring-boot-data-jdbc-externalize-query\spring-data-jdbc-externalized-query-sample"/>
    <property name="os.arch" value="amd64"/>
    <property name="java.vm.specification.name" value="Java Virtual Machine Specification"/>
    <property name="java.awt.printerjob" value="sun.awt.windows.WPrinterJob"/>
    <property name="sun.os.patch.level" value=""/>
    <property name="java.library.path" value="D:\Desenvolvimento\tools\jdk8\jre\bin;C:\Windows\Sun\Java\bin;C:\Windows\system32;C:\Windows;C:\Windows\system32;C:\Windows;C:\Windows\System32\Wbem;C:\Windows\System32\WindowsPowerShell\v1.0\;C:\Program Files\Condusiv Technologies\ExpressCache\;D:\Desenvolvimento\tools\openshift;D:\Desenvolvimento\tools\maven\maven-3.5.4\bin;D:\Desenvolvimento\tools\jdk8\bin;D:\Desenvolvimento\tools\nodejs;C:\Program Files\Git\bin;C:\Users\crist\AppData\Local\Microsoft\WindowsApps;;C:\Program Files\Docker Toolbox;."/>
    <property name="java.vm.info" value="mixed mode"/>
    <property name="java.vendor" value="Oracle Corporation"/>
    <property name="java.vm.version" value="25.91-b15"/>
    <property name="java.ext.dirs" value="D:\Desenvolvimento\tools\jdk8\jre\lib\ext;C:\Windows\Sun\Java\lib\ext"/>
    <property name="sun.io.unicode.encoding" value="UnicodeLittle"/>
    <property name="java.class.version" value="52.0"/>
  </properties>
  <testcase name="contextLoads" classname="com.cjcalmeida.spring.data.jdbc.externalize.query.DemoApplicationTests" time="0.219"/>
</testsuite>